<?xml version="1.0" encoding="UTF-8"?>
<!-- Generated by org.testng.reporters.JUnitReportReporter -->
<testsuite hostname="LAPTOP-C09100BS" failures="0" tests="1" name="com.crm.rmgyantra.WaysToPostRequest.CreatingProjectUsingFileTest" time="1.074" errors="0" timestamp="21 Jul 2022 10:27:14 GMT" skipped="0">
  <testcase classname="com.crm.rmgyantra.WaysToPostRequest.CreatingProjectUsingFileTest" name="creatingProjectUsingFileTest" time="1.074"/>
</testsuite> <!-- com.crm.rmgyantra.WaysToPostRequest.CreatingProjectUsingFileTest -->
