<?xml version="1.0" encoding="UTF-8"?>
<!-- Generated by org.testng.reporters.JUnitReportReporter -->
<testsuite hostname="LAPTOP-C09100BS" failures="0" tests="2" name="com.crm.rmgyantra.POJOLibrary.Dataprovider_MulitipleData" time="2.075" errors="0" timestamp="21 Jul 2022 13:24:07 GMT" skipped="0">
  <testcase classname="com.crm.rmgyantra.POJOLibrary.Dataprovider_MulitipleData" name="multipleData" time="0.037"/>
  <testcase classname="com.crm.rmgyantra.POJOLibrary.Dataprovider_MulitipleData" name="multipleData" time="2.038"/>
</testsuite> <!-- com.crm.rmgyantra.POJOLibrary.Dataprovider_MulitipleData -->
