<?xml version="1.0" encoding="UTF-8"?>
<!-- Generated by org.testng.reporters.JUnitReportReporter -->
<testsuite hostname="LAPTOP-C09100BS" failures="0" tests="1" name="com.crm.rmgyantra.Validation.StaticValidation" time="3.457" errors="0" timestamp="21 Jul 2022 12:19:33 GMT" skipped="0">
  <testcase classname="com.crm.rmgyantra.Validation.StaticValidation" name="staticValidation" time="3.457"/>
</testsuite> <!-- com.crm.rmgyantra.Validation.StaticValidation -->
