<?xml version="1.0" encoding="UTF-8"?>
<!-- Generated by org.testng.reporters.JUnitReportReporter -->
<testsuite hostname="LAPTOP-C09100BS" failures="0" tests="1" name="com.crm.rmgyantra.Validation.DynamicValidationTest" time="2.373" errors="0" timestamp="21 Jul 2022 12:42:19 GMT" skipped="0">
  <testcase classname="com.crm.rmgyantra.Validation.DynamicValidationTest" name="dynamicValidation" time="2.373"/>
</testsuite> <!-- com.crm.rmgyantra.Validation.DynamicValidationTest -->
