<?xml version="1.0" encoding="UTF-8"?>
<!-- Generated by org.testng.reporters.JUnitReportReporter -->
<testsuite hostname="LAPTOP-C09100BS" failures="0" tests="1" name="com.crm.rmgyantra.CURDOperationWithOutBDD.GettingProjectTest" time="1.826" errors="0" timestamp="20 Jul 2022 07:20:40 GMT" skipped="0">
  <testcase classname="com.crm.rmgyantra.CURDOperationWithOutBDD.GettingProjectTest" name="gettingProjectTest" time="1.826"/>
</testsuite> <!-- com.crm.rmgyantra.CURDOperationWithOutBDD.GettingProjectTest -->
