<?xml version="1.0" encoding="UTF-8"?>
<!-- Generated by org.testng.reporters.JUnitReportReporter -->
<testsuite hostname="LAPTOP-C09100BS" failures="0" tests="1" name="com.crm.rmgyantra.CURDOpertionWithBDD.CreatingProjectTest" time="2.130" errors="0" timestamp="20 Jul 2022 07:33:25 GMT" skipped="0">
  <testcase classname="com.crm.rmgyantra.CURDOpertionWithBDD.CreatingProjectTest" name="creatingProjectTest" time="2.130"/>
</testsuite> <!-- com.crm.rmgyantra.CURDOpertionWithBDD.CreatingProjectTest -->
