<?xml version="1.0" encoding="UTF-8"?>
<!-- Generated by org.testng.reporters.JUnitReportReporter -->
<testsuite hostname="LAPTOP-C09100BS" failures="0" tests="1" name="com.crm.rmgyantra.CURDOperation.GettingProjectTest" time="1.455" errors="0" timestamp="19 Jul 2022 12:23:03 GMT" skipped="0">
  <testcase classname="com.crm.rmgyantra.CURDOperation.GettingProjectTest" name="getProjectTest" time="1.455"/>
</testsuite> <!-- com.crm.rmgyantra.CURDOperation.GettingProjectTest -->
