<?xml version="1.0" encoding="UTF-8"?>
<!-- Generated by org.testng.reporters.JUnitReportReporter -->
<testsuite hostname="LAPTOP-C09100BS" failures="0" tests="1" name="com.crm.rmgyantra.WaysToPostRequest.CreatingProjectUsingPojoTest" time="1.283" errors="0" timestamp="21 Jul 2022 12:54:38 GMT" skipped="0">
  <testcase classname="com.crm.rmgyantra.WaysToPostRequest.CreatingProjectUsingPojoTest" name="creatingProjectUsingPojoTest" time="1.283"/>
</testsuite> <!-- com.crm.rmgyantra.WaysToPostRequest.CreatingProjectUsingPojoTest -->
