<?xml version="1.0" encoding="UTF-8"?>
<!-- Generated by org.testng.reporters.JUnitReportReporter -->
<testsuite hostname="LAPTOP-C09100BS" failures="0" tests="1" name="com.crm.rmgyantra.CURDOperation.DeletingProjectTest" time="1.351" errors="0" timestamp="19 Jul 2022 12:28:21 GMT" skipped="0">
  <testcase classname="com.crm.rmgyantra.CURDOperation.DeletingProjectTest" name="deleteProjectTest" time="1.351"/>
</testsuite> <!-- com.crm.rmgyantra.CURDOperation.DeletingProjectTest -->
