<?xml version="1.0" encoding="UTF-8"?>
<!-- Generated by org.testng.reporters.JUnitReportReporter -->
<testsuite hostname="LAPTOP-C09100BS" failures="0" tests="1" name="com.crm.rmgyantra.CURDOperation.CreatingProjectTest" time="1.288" errors="0" timestamp="20 Jul 2022 06:26:44 GMT" skipped="0">
  <testcase classname="com.crm.rmgyantra.CURDOperation.CreatingProjectTest" name="creatingProjecTest" time="1.288"/>
</testsuite> <!-- com.crm.rmgyantra.CURDOperation.CreatingProjectTest -->
