<?xml version="1.0" encoding="UTF-8"?>
<!-- Generated by org.testng.reporters.JUnitReportReporter -->
<testsuite hostname="LAPTOP-C09100BS" failures="0" tests="1" name="com.crm.rmgyantra.CURDOperation.UpdatingProjectTest" time="2.080" errors="0" timestamp="20 Jul 2022 10:26:44 GMT" skipped="0">
  <testcase classname="com.crm.rmgyantra.CURDOperation.UpdatingProjectTest" name="updatingProject" time="2.080"/>
</testsuite> <!-- com.crm.rmgyantra.CURDOperation.UpdatingProjectTest -->
